00:35:01.979 karate.env system property was:  
00:35:02.760 request:
1 > GET https://www.googleapis.com/customsearch/v1?cx=017576662512468239146%3Aomuauf_lfve&q=Charlotte&key=AIzaSyBxHGAZurWtGV85-FjS_ClnHwKTZC_zKpo
1 > Accept-Encoding: gzip,deflate
1 > Connection: Keep-Alive
1 > Host: www.googleapis.com
1 > User-Agent: Apache-HttpClient/4.5.12 (Java/1.8.0_275)

00:35:04.400 response time in milliseconds: 1632.59
1 < 200
1 < Alt-Svc: h3-29=":443"; ma=2592000,h3-T051=":443"; ma=2592000,h3-Q050=":443"; ma=2592000,h3-Q046=":443"; ma=2592000,h3-Q043=":443"; ma=2592000,quic=":443"; ma=2592000; v="46,43"
1 < Cache-Control: private
1 < Content-Type: application/json; charset=UTF-8
1 < Date: Fri, 11 Dec 2020 13:35:04 GMT
1 < Server: ESF
1 < Transfer-Encoding: chunked
1 < Vary: [Origin, X-Origin, Referer]
1 < X-Content-Type-Options: nosniff
1 < X-Frame-Options: SAMEORIGIN
1 < X-XSS-Protection: 0
{
  "kind": "customsearch#search",
  "url": {
    "type": "application/json",
    "template": "https://www.googleapis.com/customsearch/v1?q={searchTerms}&num={count?}&start={startIndex?}&lr={language?}&safe={safe?}&cx={cx?}&sort={sort?}&filter={filter?}&gl={gl?}&cr={cr?}&googlehost={googleHost?}&c2coff={disableCnTwTranslation?}&hq={hq?}&hl={hl?}&siteSearch={siteSearch?}&siteSearchFilter={siteSearchFilter?}&exactTerms={exactTerms?}&excludeTerms={excludeTerms?}&linkSite={linkSite?}&orTerms={orTerms?}&relatedSite={relatedSite?}&dateRestrict={dateRestrict?}&lowRange={lowRange?}&highRange={highRange?}&searchType={searchType}&fileType={fileType?}&rights={rights?}&imgSize={imgSize?}&imgType={imgType?}&imgColorType={imgColorType?}&imgDominantColor={imgDominantColor?}&alt=json"
  },
  "queries": {
    "request": [
      {
        "title": "Google Custom Search - Charlotte",
        "totalResults": "711000000",
        "searchTerms": "Charlotte",
        "count": 10,
        "startIndex": 1,
        "inputEncoding": "utf8",
        "outputEncoding": "utf8",
        "safe": "off",
        "cx": "017576662512468239146:omuauf_lfve"
      }
    ],
    "nextPage": [
      {
        "title": "Google Custom Search - Charlotte",
        "totalResults": "711000000",
        "searchTerms": "Charlotte",
        "count": 10,
        "startIndex": 11,
        "inputEncoding": "utf8",
        "outputEncoding": "utf8",
        "safe": "off",
        "cx": "017576662512468239146:omuauf_lfve"
      }
    ]
  },
  "context": {
    "title": "CS Curriculum",
    "facets": [
      [
        {
          "anchor": "Lectures",
          "label": "lectures",
          "label_with_op": "more:lectures"
        }
      ],
      [
        {
          "anchor": "Assignments",
          "label": "assignments",
          "label_with_op": "more:assignments"
        }
      ],
      [
        {
          "anchor": "Reference",
          "label": "reference",
          "label_with_op": "more:reference"
        }
      ]
    ]
  },
  "searchInformation": {
    "searchTime": 0.396927,
    "formattedSearchTime": "0.40",
    "totalResults": "711000000",
    "formattedTotalResults": "711,000,000"
  },
  "items": [
    {
      "kind": "customsearch#result",
      "title": "Good Charlotte :: Girls & Boys [RADIO203_08A-04]",
      "htmlTitle": "Good \u003cb\u003eCharlotte\u003c/b\u003e :: Girls &amp; Boys [RADIO203_08A-04]",
      "link": "https://www.cs.ubc.ca/~davet/music/track/RADIO203_08A/RADIO203_08A-04.html",
      "displayLink": "www.cs.ubc.ca",
      "snippet": "Lyrics. Original Source: LyricWiki. Educated with money. He's well dressed not \nfunny. And not to say in most conversations. But he'll foot the bill in all situations",
      "htmlSnippet": "Lyrics. Original Source: LyricWiki. Educated with money. He&#39;s well dressed not \u003cbr\u003e\nfunny. And not to say in most conversations. But he&#39;ll foot the bill in all situations",
      "cacheId": "EcsOLab3BkUJ",
      "formattedUrl": "https://www.cs.ubc.ca/~davet/music/track/.../RADIO203_08A-04.html",
      "htmlFormattedUrl": "https://www.cs.ubc.ca/~davet/music/track/.../RADIO203_08A-04.html"
    },
    {
      "kind": "customsearch#result",
      "title": "Charlotte Froese Fischer Education Employment Awards/Honours ...",
      "htmlTitle": "\u003cb\u003eCharlotte\u003c/b\u003e Froese Fischer Education Employment Awards/Honours ...",
      "link": "https://www.cs.ubc.ca/~cff/CV-2016.pdf",
      "displayLink": "www.cs.ubc.ca",
      "snippet": "Academic Positions. 1957-59 Instructor. Mathematics, University of British \nColumbia, BC. 1959-63 Assistant Professor. Mathematics, University of British ...",
      "htmlSnippet": "Academic Positions. 1957-59 Instructor. Mathematics, University of British \u003cbr\u003e\nColumbia, BC. 1959-63 Assistant Professor. Mathematics, University of British&nbsp;...",
      "cacheId": "TRGeiAYKQfwJ",
      "formattedUrl": "https://www.cs.ubc.ca/~cff/CV-2016.pdf",
      "htmlFormattedUrl": "https://www.cs.ubc.ca/~cff/CV-2016.pdf",
      "pagemap": {
        "metatags": [
          {
            "moddate": "D:20161211232116Z",
            "creator": "LaTeX with hyperref package",
            "creationdate": "D:20161211232116Z",
            "fullbanner": "This is pdfTeX, Version 3.14159265-2.6-1.40.16 (TeX Live 2015) kpathsea version 6.2.1",
            "producer": "pdfTeX-1.40.16"
          }
        ]
      },
      "mime": "application/pdf",
      "fileFormat": "PDF/Adobe Acrobat"
    },
    {
      "kind": "customsearch#result",
      "title": "MS Thesis Defense - Charlotte Hill | UCSB Computer Science",
      "htmlTitle": "MS Thesis Defense - \u003cb\u003eCharlotte\u003c/b\u003e Hill | UCSB Computer Science",
      "link": "https://www.cs.ucsb.edu/news/events/ms-thesis-defense-charlotte-hill",
      "displayLink": "www.cs.ucsb.edu",
      "snippet": "MS Thesis Defense - Charlotte Hill. Date: Tuesday, April 28, 2015 - 9:00am. \nLocation: Harold Frank Hall 1132. Title: Programming Environments for Children:\n ...",
      "htmlSnippet": "MS Thesis Defense - \u003cb\u003eCharlotte\u003c/b\u003e Hill. Date: Tuesday, April 28, 2015 - 9:00am. \u003cbr\u003e\nLocation: Harold Frank Hall 1132. Title: Programming Environments for Children:\u003cbr\u003e\n&nbsp;...",
      "cacheId": "lTljuGjU3e8J",
      "formattedUrl": "https://www.cs.ucsb.edu/news/events/ms-thesis-defense-charlotte-hill",
      "htmlFormattedUrl": "https://www.cs.ucsb.edu/news/events/ms-thesis-defense-\u003cb\u003echarlotte\u003c/b\u003e-hill",
      "pagemap": {
        "cse_thumbnail": [
          {
            "src": "https://encrypted-tbn1.gstatic.com/images?q=tbn:ANd9GcRxfDF_ItkHT3w7E0BZXPDF811-J36Pj3ReHe2Hl2jb9eb-oEMdB-rsD2Q",
            "width": "413",
            "height": "122"
          }
        ],
        "metatags": [
          {
            "handheldfriendly": "true",
            "viewport": "width=device-width, initial-scale=1",
            "apple-mobile-web-app-capable": "yes",
            "mobileoptimized": "width"
          }
        ],
        "cse_image": [
          {
            "src": "https://www.cs.ucsb.edu/sites/default/files/cs_40th_logo_wordmark-03_0.png"
          }
        ]
      }
    },
    {
      "kind": "customsearch#result",
      "title": "Good Charlotte :: Little Things [GDCHARLT_STD-01]",
      "htmlTitle": "Good \u003cb\u003eCharlotte\u003c/b\u003e :: Little Things [GDCHARLT_STD-01]",
      "link": "https://www.cs.ubc.ca/~davet/music/track/GDCHARLT_STD/GDCHARLT_STD-01.html",
      "displayLink": "www.cs.ubc.ca",
      "snippet": "Lyrics. Original Source: LyricWiki. Yeah, This song is dedicated (This is Good \nCharlotte) To every kid who ever got picked last in gym class (You know what I'm\n ...",
      "htmlSnippet": "Lyrics. Original Source: LyricWiki. Yeah, This song is dedicated (This is Good \u003cbr\u003e\n\u003cb\u003eCharlotte\u003c/b\u003e) To every kid who ever got picked last in gym class (You know what I&#39;m\u003cbr\u003e\n&nbsp;...",
      "cacheId": "YaSifaDkMMwJ",
      "formattedUrl": "https://www.cs.ubc.ca/~davet/music/track/.../GDCHARLT_STD-01.html",
      "htmlFormattedUrl": "https://www.cs.ubc.ca/~davet/music/track/.../GDCHARLT_STD-01.html"
    },
    {
      "kind": "customsearch#result",
      "title": "Charlotte Church :: Ding Dong Merrily On High [XMULTHOL_009-05]",
      "htmlTitle": "\u003cb\u003eCharlotte\u003c/b\u003e Church :: Ding Dong Merrily On High [XMULTHOL_009-05]",
      "link": "https://www.cs.ubc.ca/~davet/music/track/XMULTHOL_009/XMULTHOL_009-05.html",
      "displayLink": "www.cs.ubc.ca",
      "snippet": "XMBESTOF_FS3-08, Charlotte Church with The London Symphony Orchestra, \nDing Dong! Merrily on High. REM______GH2-18, R.E.M., Nightswimming.",
      "htmlSnippet": "XMBESTOF_FS3-08, \u003cb\u003eCharlotte\u003c/b\u003e Church with The London Symphony Orchestra, \u003cbr\u003e\nDing Dong! Merrily on High. REM______GH2-18, R.E.M., Nightswimming.",
      "cacheId": "l3ug-fOpOVsJ",
      "formattedUrl": "https://www.cs.ubc.ca/~davet/music/track/.../XMULTHOL_009-05.html",
      "htmlFormattedUrl": "https://www.cs.ubc.ca/~davet/music/track/.../XMULTHOL_009-05.html"
    },
    {
      "kind": "customsearch#result",
      "title": "Charlotte Diamond :: Love Me for Who I Am [CDIAMOND_TEN-15]",
      "htmlTitle": "\u003cb\u003eCharlotte\u003c/b\u003e Diamond :: Love Me for Who I Am [CDIAMOND_TEN-15]",
      "link": "https://www.cs.ubc.ca/~davet/music/track/CDIAMOND_TEN/CDIAMOND_TEN-15.html",
      "displayLink": "www.cs.ubc.ca",
      "snippet": "Charlotte Diamond Love Me for Who I Am. Song Information. Song Artist(s):, \nCharlotte Diamond. Song Title: Love Me for Who I Am · Year: 1985 ...",
      "htmlSnippet": "\u003cb\u003eCharlotte\u003c/b\u003e Diamond Love Me for Who I Am. Song Information. Song Artist(s):, \u003cbr\u003e\n\u003cb\u003eCharlotte\u003c/b\u003e Diamond. Song Title: Love Me for Who I Am &middot; Year: 1985&nbsp;...",
      "cacheId": "XQoMxOGTAZgJ",
      "formattedUrl": "https://www.cs.ubc.ca/~davet/music/track/.../CDIAMOND_TEN-15.html",
      "htmlFormattedUrl": "https://www.cs.ubc.ca/~davet/music/track/.../CDIAMOND_TEN-15.html"
    },
    {
      "kind": "customsearch#result",
      "title": "Charlotte Nilsson :: Take Me to Your Heaven [RADIO099_07B-19]",
      "htmlTitle": "\u003cb\u003eCharlotte\u003c/b\u003e Nilsson :: Take Me to Your Heaven [RADIO099_07B-19]",
      "link": "https://www.cs.ubc.ca/~davet/music/track/RADIO099_07B/RADIO099_07B-19.html",
      "displayLink": "www.cs.ubc.ca",
      "snippet": "Lyrics. Original Source: LyricWiki. Shadows dancing slowly on my wall, Moonlight \npainting silver to the. Sound of heartbeat. Magical emotions take control,",
      "htmlSnippet": "Lyrics. Original Source: LyricWiki. Shadows dancing slowly on my wall, Moonlight \u003cbr\u003e\npainting silver to the. Sound of heartbeat. Magical emotions take control,",
      "cacheId": "uVOZzc5kov8J",
      "formattedUrl": "https://www.cs.ubc.ca/~davet/music/track/...07B/RADIO099_07B-19.html",
      "htmlFormattedUrl": "https://www.cs.ubc.ca/~davet/music/track/...07B/RADIO099_07B-19.html"
    },
    {
      "kind": "customsearch#result",
      "title": "ATL$June$2003$216$11$5843$30060$23974$Atlanta, GA ...",
      "htmlTitle": "ATL$June$2003$216$11$5843$30060$23974$Atlanta, GA ...",
      "link": "http://www.cs.duke.edu/courses/fall17/compsci101/data/airportSmall.txt",
      "displayLink": "www.cs.duke.edu",
      "snippet": "... CLT$June$2003$73$11$1562$8670$7021$Charlotte, NC: Charlotte Douglas \nInternational DCA$June$2003$74$13$1100$6513$5321$Washington, DC: ...",
      "htmlSnippet": "... CLT$June$2003$73$11$1562$8670$7021$\u003cb\u003eCharlotte\u003c/b\u003e, NC: \u003cb\u003eCharlotte\u003c/b\u003e Douglas \u003cbr\u003e\nInternational DCA$June$2003$74$13$1100$6513$5321$Washington, DC:&nbsp;...",
      "cacheId": "TuW6p_AR8cIJ",
      "formattedUrl": "www.cs.duke.edu/courses/fall17/compsci101/data/airportSmall.txt",
      "htmlFormattedUrl": "www.cs.duke.edu/courses/fall17/compsci101/data/airportSmall.txt",
      "mime": "text/plain",
      "fileFormat": "text/plain"
    },
    {
      "kind": "customsearch#result",
      "title": "Charlotte Diamond :: Embrasse Quatre Fois [CDIAMOND_TEN-12]",
      "htmlTitle": "\u003cb\u003eCharlotte\u003c/b\u003e Diamond :: Embrasse Quatre Fois [CDIAMOND_TEN-12]",
      "link": "https://www.cs.ubc.ca/~davet/music/track/CDIAMOND_TEN/CDIAMOND_TEN-12.html",
      "displayLink": "www.cs.ubc.ca",
      "snippet": "Charlotte Diamond Embrasse Quatre Fois. Song Information. Song Artist(s):, \nCharlotte Diamond. Song Title: Embrasse Quatre Fois · Year: 1985 ...",
      "htmlSnippet": "\u003cb\u003eCharlotte\u003c/b\u003e Diamond Embrasse Quatre Fois. Song Information. Song Artist(s):, \u003cbr\u003e\n\u003cb\u003eCharlotte\u003c/b\u003e Diamond. Song Title: Embrasse Quatre Fois &middot; Year: 1985&nbsp;...",
      "cacheId": "Js0epXBv1wEJ",
      "formattedUrl": "https://www.cs.ubc.ca/~davet/music/track/.../CDIAMOND_TEN-12.html",
      "htmlFormattedUrl": "https://www.cs.ubc.ca/~davet/music/track/.../CDIAMOND_TEN-12.html"
    },
    {
      "kind": "customsearch#result",
      "title": "Minutes of UIL CS Advisory Comittee Meeting, August 17, 2007",
      "htmlTitle": "Minutes of UIL CS Advisory Comittee Meeting, August 17, 2007",
      "link": "https://www.cs.utexas.edu/~scottm/uil/2008/adMinutes.htm",
      "displayLink": "www.cs.utexas.edu",
      "snippet": "Charlotte Scroggs, Co-Director. David Trussell, UIL. Stacey Armstrong, Cypress \nWoods HS. Louis Fleming, Andrews HS. Brad Friesen, Plains HS. Robert Glen ...",
      "htmlSnippet": "\u003cb\u003eCharlotte\u003c/b\u003e Scroggs, Co-Director. David Trussell, UIL. Stacey Armstrong, Cypress \u003cbr\u003e\nWoods HS. Louis Fleming, Andrews HS. Brad Friesen, Plains HS. Robert Glen&nbsp;...",
      "cacheId": "9eG0jYETF4UJ",
      "formattedUrl": "https://www.cs.utexas.edu/~scottm/uil/2008/adMinutes.htm",
      "htmlFormattedUrl": "https://www.cs.utexas.edu/~scottm/uil/2008/adMinutes.htm",
      "pagemap": {
        "metatags": [
          {
            "progid": "FrontPage.Editor.Document"
          }
        ]
      }
    }
  ]
}


00:35:04.406 [print] {
  "kind": "customsearch#search",
  "context": {
    "title": "CS Curriculum",
    "facets": [
      [
        {
          "anchor": "Lectures",
          "label": "lectures",
          "label_with_op": "more:lectures"
        }
      ],
      [
        {
          "anchor": "Assignments",
          "label": "assignments",
          "label_with_op": "more:assignments"
        }
      ],
      [
        {
          "anchor": "Reference",
          "label": "reference",
          "label_with_op": "more:reference"
        }
      ]
    ]
  },
  "queries": {
    "request": [
      {
        "inputEncoding": "utf8",
        "totalResults": "711000000",
        "startIndex": 1,
        "outputEncoding": "utf8",
        "searchTerms": "Charlotte",
        "cx": "017576662512468239146:omuauf_lfve",
        "count": 10,
        "safe": "off",
        "title": "Google Custom Search - Charlotte"
      }
    ],
    "nextPage": [
      {
        "inputEncoding": "utf8",
        "totalResults": "711000000",
        "startIndex": 11,
        "outputEncoding": "utf8",
        "searchTerms": "Charlotte",
        "cx": "017576662512468239146:omuauf_lfve",
        "count": 10,
        "safe": "off",
        "title": "Google Custom Search - Charlotte"
      }
    ]
  },
  "searchInformation": {
    "searchTime": 0.396927,
    "totalResults": "711000000",
    "formattedTotalResults": "711,000,000",
    "formattedSearchTime": "0.40"
  },
  "items": [
    {
      "snippet": "Lyrics. Original Source: LyricWiki. Educated with money. He's well dressed not \nfunny. And not to say in most conversations. But he'll foot the bill in all situations",
      "htmlFormattedUrl": "https://www.cs.ubc.ca/~davet/music/track/.../RADIO203_08A-04.html",
      "htmlTitle": "Good <b>Charlotte</b> :: Girls &amp; Boys [RADIO203_08A-04]",
      "kind": "customsearch#result",
      "displayLink": "www.cs.ubc.ca",
      "link": "https://www.cs.ubc.ca/~davet/music/track/RADIO203_08A/RADIO203_08A-04.html",
      "htmlSnippet": "Lyrics. Original Source: LyricWiki. Educated with money. He&#39;s well dressed not <br>\nfunny. And not to say in most conversations. But he&#39;ll foot the bill in all situations",
      "title": "Good Charlotte :: Girls & Boys [RADIO203_08A-04]",
      "formattedUrl": "https://www.cs.ubc.ca/~davet/music/track/.../RADIO203_08A-04.html",
      "cacheId": "EcsOLab3BkUJ"
    },
    {
      "snippet": "Academic Positions. 1957-59 Instructor. Mathematics, University of British \nColumbia, BC. 1959-63 Assistant Professor. Mathematics, University of British ...",
      "kind": "customsearch#result",
      "mime": "application/pdf",
      "link": "https://www.cs.ubc.ca/~cff/CV-2016.pdf",
      "title": "Charlotte Froese Fischer Education Employment Awards/Honours ...",
      "formattedUrl": "https://www.cs.ubc.ca/~cff/CV-2016.pdf",
      "cacheId": "TRGeiAYKQfwJ",
      "htmlFormattedUrl": "https://www.cs.ubc.ca/~cff/CV-2016.pdf",
      "htmlTitle": "<b>Charlotte</b> Froese Fischer Education Employment Awards/Honours ...",
      "pagemap": {
        "metatags": [
          {
            "moddate": "D:20161211232116Z",
            "creator": "LaTeX with hyperref package",
            "creationdate": "D:20161211232116Z",
            "fullbanner": "This is pdfTeX, Version 3.14159265-2.6-1.40.16 (TeX Live 2015) kpathsea version 6.2.1",
            "producer": "pdfTeX-1.40.16"
          }
        ]
      },
      "displayLink": "www.cs.ubc.ca",
      "htmlSnippet": "Academic Positions. 1957-59 Instructor. Mathematics, University of British <br>\nColumbia, BC. 1959-63 Assistant Professor. Mathematics, University of British&nbsp;...",
      "fileFormat": "PDF/Adobe Acrobat"
    },
    {
      "snippet": "MS Thesis Defense - Charlotte Hill. Date: Tuesday, April 28, 2015 - 9:00am. \nLocation: Harold Frank Hall 1132. Title: Programming Environments for Children:\n ...",
      "htmlFormattedUrl": "https://www.cs.ucsb.edu/news/events/ms-thesis-defense-<b>charlotte</b>-hill",
      "htmlTitle": "MS Thesis Defense - <b>Charlotte</b> Hill | UCSB Computer Science",
      "kind": "customsearch#result",
      "pagemap": {
        "cse_thumbnail": [
          {
            "src": "https://encrypted-tbn1.gstatic.com/images?q=tbn:ANd9GcRxfDF_ItkHT3w7E0BZXPDF811-J36Pj3ReHe2Hl2jb9eb-oEMdB-rsD2Q",
            "width": "413",
            "height": "122"
          }
        ],
        "metatags": [
          {
            "handheldfriendly": "true",
            "viewport": "width=device-width, initial-scale=1",
            "apple-mobile-web-app-capable": "yes",
            "mobileoptimized": "width"
          }
        ],
        "cse_image": [
          {
            "src": "https://www.cs.ucsb.edu/sites/default/files/cs_40th_logo_wordmark-03_0.png"
          }
        ]
      },
      "displayLink": "www.cs.ucsb.edu",
      "link": "https://www.cs.ucsb.edu/news/events/ms-thesis-defense-charlotte-hill",
      "htmlSnippet": "MS Thesis Defense - <b>Charlotte</b> Hill. Date: Tuesday, April 28, 2015 - 9:00am. <br>\nLocation: Harold Frank Hall 1132. Title: Programming Environments for Children:<br>\n&nbsp;...",
      "title": "MS Thesis Defense - Charlotte Hill | UCSB Computer Science",
      "formattedUrl": "https://www.cs.ucsb.edu/news/events/ms-thesis-defense-charlotte-hill",
      "cacheId": "lTljuGjU3e8J"
    },
    {
      "snippet": "Lyrics. Original Source: LyricWiki. Yeah, This song is dedicated (This is Good \nCharlotte) To every kid who ever got picked last in gym class (You know what I'm\n ...",
      "htmlFormattedUrl": "https://www.cs.ubc.ca/~davet/music/track/.../GDCHARLT_STD-01.html",
      "htmlTitle": "Good <b>Charlotte</b> :: Little Things [GDCHARLT_STD-01]",
      "kind": "customsearch#result",
      "displayLink": "www.cs.ubc.ca",
      "link": "https://www.cs.ubc.ca/~davet/music/track/GDCHARLT_STD/GDCHARLT_STD-01.html",
      "htmlSnippet": "Lyrics. Original Source: LyricWiki. Yeah, This song is dedicated (This is Good <br>\n<b>Charlotte</b>) To every kid who ever got picked last in gym class (You know what I&#39;m<br>\n&nbsp;...",
      "title": "Good Charlotte :: Little Things [GDCHARLT_STD-01]",
      "formattedUrl": "https://www.cs.ubc.ca/~davet/music/track/.../GDCHARLT_STD-01.html",
      "cacheId": "YaSifaDkMMwJ"
    },
    {
      "snippet": "XMBESTOF_FS3-08, Charlotte Church with The London Symphony Orchestra, \nDing Dong! Merrily on High. REM______GH2-18, R.E.M., Nightswimming.",
      "htmlFormattedUrl": "https://www.cs.ubc.ca/~davet/music/track/.../XMULTHOL_009-05.html",
      "htmlTitle": "<b>Charlotte</b> Church :: Ding Dong Merrily On High [XMULTHOL_009-05]",
      "kind": "customsearch#result",
      "displayLink": "www.cs.ubc.ca",
      "link": "https://www.cs.ubc.ca/~davet/music/track/XMULTHOL_009/XMULTHOL_009-05.html",
      "htmlSnippet": "XMBESTOF_FS3-08, <b>Charlotte</b> Church with The London Symphony Orchestra, <br>\nDing Dong! Merrily on High. REM______GH2-18, R.E.M., Nightswimming.",
      "title": "Charlotte Church :: Ding Dong Merrily On High [XMULTHOL_009-05]",
      "formattedUrl": "https://www.cs.ubc.ca/~davet/music/track/.../XMULTHOL_009-05.html",
      "cacheId": "l3ug-fOpOVsJ"
    },
    {
      "snippet": "Charlotte Diamond Love Me for Who I Am. Song Information. Song Artist(s):, \nCharlotte Diamond. Song Title: Love Me for Who I Am · Year: 1985 ...",
      "htmlFormattedUrl": "https://www.cs.ubc.ca/~davet/music/track/.../CDIAMOND_TEN-15.html",
      "htmlTitle": "<b>Charlotte</b> Diamond :: Love Me for Who I Am [CDIAMOND_TEN-15]",
      "kind": "customsearch#result",
      "displayLink": "www.cs.ubc.ca",
      "link": "https://www.cs.ubc.ca/~davet/music/track/CDIAMOND_TEN/CDIAMOND_TEN-15.html",
      "htmlSnippet": "<b>Charlotte</b> Diamond Love Me for Who I Am. Song Information. Song Artist(s):, <br>\n<b>Charlotte</b> Diamond. Song Title: Love Me for Who I Am &middot; Year: 1985&nbsp;...",
      "title": "Charlotte Diamond :: Love Me for Who I Am [CDIAMOND_TEN-15]",
      "formattedUrl": "https://www.cs.ubc.ca/~davet/music/track/.../CDIAMOND_TEN-15.html",
      "cacheId": "XQoMxOGTAZgJ"
    },
    {
      "snippet": "Lyrics. Original Source: LyricWiki. Shadows dancing slowly on my wall, Moonlight \npainting silver to the. Sound of heartbeat. Magical emotions take control,",
      "htmlFormattedUrl": "https://www.cs.ubc.ca/~davet/music/track/...07B/RADIO099_07B-19.html",
      "htmlTitle": "<b>Charlotte</b> Nilsson :: Take Me to Your Heaven [RADIO099_07B-19]",
      "kind": "customsearch#result",
      "displayLink": "www.cs.ubc.ca",
      "link": "https://www.cs.ubc.ca/~davet/music/track/RADIO099_07B/RADIO099_07B-19.html",
      "htmlSnippet": "Lyrics. Original Source: LyricWiki. Shadows dancing slowly on my wall, Moonlight <br>\npainting silver to the. Sound of heartbeat. Magical emotions take control,",
      "title": "Charlotte Nilsson :: Take Me to Your Heaven [RADIO099_07B-19]",
      "formattedUrl": "https://www.cs.ubc.ca/~davet/music/track/...07B/RADIO099_07B-19.html",
      "cacheId": "uVOZzc5kov8J"
    },
    {
      "snippet": "... CLT$June$2003$73$11$1562$8670$7021$Charlotte, NC: Charlotte Douglas \nInternational DCA$June$2003$74$13$1100$6513$5321$Washington, DC: ...",
      "htmlFormattedUrl": "www.cs.duke.edu/courses/fall17/compsci101/data/airportSmall.txt",
      "htmlTitle": "ATL$June$2003$216$11$5843$30060$23974$Atlanta, GA ...",
      "kind": "customsearch#result",
      "displayLink": "www.cs.duke.edu",
      "mime": "text/plain",
      "link": "http://www.cs.duke.edu/courses/fall17/compsci101/data/airportSmall.txt",
      "htmlSnippet": "... CLT$June$2003$73$11$1562$8670$7021$<b>Charlotte</b>, NC: <b>Charlotte</b> Douglas <br>\nInternational DCA$June$2003$74$13$1100$6513$5321$Washington, DC:&nbsp;...",
      "title": "ATL$June$2003$216$11$5843$30060$23974$Atlanta, GA ...",
      "formattedUrl": "www.cs.duke.edu/courses/fall17/compsci101/data/airportSmall.txt",
      "fileFormat": "text/plain",
      "cacheId": "TuW6p_AR8cIJ"
    },
    {
      "snippet": "Charlotte Diamond Embrasse Quatre Fois. Song Information. Song Artist(s):, \nCharlotte Diamond. Song Title: Embrasse Quatre Fois · Year: 1985 ...",
      "htmlFormattedUrl": "https://www.cs.ubc.ca/~davet/music/track/.../CDIAMOND_TEN-12.html",
      "htmlTitle": "<b>Charlotte</b> Diamond :: Embrasse Quatre Fois [CDIAMOND_TEN-12]",
      "kind": "customsearch#result",
      "displayLink": "www.cs.ubc.ca",
      "link": "https://www.cs.ubc.ca/~davet/music/track/CDIAMOND_TEN/CDIAMOND_TEN-12.html",
      "htmlSnippet": "<b>Charlotte</b> Diamond Embrasse Quatre Fois. Song Information. Song Artist(s):, <br>\n<b>Charlotte</b> Diamond. Song Title: Embrasse Quatre Fois &middot; Year: 1985&nbsp;...",
      "title": "Charlotte Diamond :: Embrasse Quatre Fois [CDIAMOND_TEN-12]",
      "formattedUrl": "https://www.cs.ubc.ca/~davet/music/track/.../CDIAMOND_TEN-12.html",
      "cacheId": "Js0epXBv1wEJ"
    },
    {
      "snippet": "Charlotte Scroggs, Co-Director. David Trussell, UIL. Stacey Armstrong, Cypress \nWoods HS. Louis Fleming, Andrews HS. Brad Friesen, Plains HS. Robert Glen ...",
      "htmlFormattedUrl": "https://www.cs.utexas.edu/~scottm/uil/2008/adMinutes.htm",
      "htmlTitle": "Minutes of UIL CS Advisory Comittee Meeting, August 17, 2007",
      "kind": "customsearch#result",
      "pagemap": {
        "metatags": [
          {
            "progid": "FrontPage.Editor.Document"
          }
        ]
      },
      "displayLink": "www.cs.utexas.edu",
      "link": "https://www.cs.utexas.edu/~scottm/uil/2008/adMinutes.htm",
      "htmlSnippet": "<b>Charlotte</b> Scroggs, Co-Director. David Trussell, UIL. Stacey Armstrong, Cypress <br>\nWoods HS. Louis Fleming, Andrews HS. Brad Friesen, Plains HS. Robert Glen&nbsp;...",
      "title": "Minutes of UIL CS Advisory Comittee Meeting, August 17, 2007",
      "formattedUrl": "https://www.cs.utexas.edu/~scottm/uil/2008/adMinutes.htm",
      "cacheId": "9eG0jYETF4UJ"
    }
  ],
  "url": {
    "template": "https://www.googleapis.com/customsearch/v1?q={searchTerms}&num={count?}&start={startIndex?}&lr={language?}&safe={safe?}&cx={cx?}&sort={sort?}&filter={filter?}&gl={gl?}&cr={cr?}&googlehost={googleHost?}&c2coff={disableCnTwTranslation?}&hq={hq?}&hl={hl?}&siteSearch={siteSearch?}&siteSearchFilter={siteSearchFilter?}&exactTerms={exactTerms?}&excludeTerms={excludeTerms?}&linkSite={linkSite?}&orTerms={orTerms?}&relatedSite={relatedSite?}&dateRestrict={dateRestrict?}&lowRange={lowRange?}&highRange={highRange?}&searchType={searchType}&fileType={fileType?}&rights={rights?}&imgSize={imgSize?}&imgType={imgType?}&imgColorType={imgColorType?}&imgDominantColor={imgDominantColor?}&alt=json",
    "type": "application/json"
  }
}

