00:35:01.979 karate.env system property was:  
00:35:02.760 request:
1 > GET https://www.googleapis.com/customsearch/v1?cx=017576662512468239146%3Aomuauf_lfve&q=Richard&key=AIzaSyBxHGAZurWtGV85-FjS_ClnHwKTZC_zKpo
1 > Accept-Encoding: gzip,deflate
1 > Connection: Keep-Alive
1 > Host: www.googleapis.com
1 > User-Agent: Apache-HttpClient/4.5.12 (Java/1.8.0_275)

00:35:04.330 response time in milliseconds: 1556.34
1 < 200
1 < Alt-Svc: h3-29=":443"; ma=2592000,h3-T051=":443"; ma=2592000,h3-Q050=":443"; ma=2592000,h3-Q046=":443"; ma=2592000,h3-Q043=":443"; ma=2592000,quic=":443"; ma=2592000; v="46,43"
1 < Cache-Control: private
1 < Content-Type: application/json; charset=UTF-8
1 < Date: Fri, 11 Dec 2020 13:35:04 GMT
1 < Server: ESF
1 < Transfer-Encoding: chunked
1 < Vary: [Origin, X-Origin, Referer]
1 < X-Content-Type-Options: nosniff
1 < X-Frame-Options: SAMEORIGIN
1 < X-XSS-Protection: 0
{
  "kind": "customsearch#search",
  "url": {
    "type": "application/json",
    "template": "https://www.googleapis.com/customsearch/v1?q={searchTerms}&num={count?}&start={startIndex?}&lr={language?}&safe={safe?}&cx={cx?}&sort={sort?}&filter={filter?}&gl={gl?}&cr={cr?}&googlehost={googleHost?}&c2coff={disableCnTwTranslation?}&hq={hq?}&hl={hl?}&siteSearch={siteSearch?}&siteSearchFilter={siteSearchFilter?}&exactTerms={exactTerms?}&excludeTerms={excludeTerms?}&linkSite={linkSite?}&orTerms={orTerms?}&relatedSite={relatedSite?}&dateRestrict={dateRestrict?}&lowRange={lowRange?}&highRange={highRange?}&searchType={searchType}&fileType={fileType?}&rights={rights?}&imgSize={imgSize?}&imgType={imgType?}&imgColorType={imgColorType?}&imgDominantColor={imgDominantColor?}&alt=json"
  },
  "queries": {
    "request": [
      {
        "title": "Google Custom Search - Richard",
        "totalResults": "1250000000",
        "searchTerms": "Richard",
        "count": 10,
        "startIndex": 1,
        "inputEncoding": "utf8",
        "outputEncoding": "utf8",
        "safe": "off",
        "cx": "017576662512468239146:omuauf_lfve"
      }
    ],
    "nextPage": [
      {
        "title": "Google Custom Search - Richard",
        "totalResults": "1250000000",
        "searchTerms": "Richard",
        "count": 10,
        "startIndex": 11,
        "inputEncoding": "utf8",
        "outputEncoding": "utf8",
        "safe": "off",
        "cx": "017576662512468239146:omuauf_lfve"
      }
    ]
  },
  "context": {
    "title": "CS Curriculum",
    "facets": [
      [
        {
          "anchor": "Lectures",
          "label": "lectures",
          "label_with_op": "more:lectures"
        }
      ],
      [
        {
          "anchor": "Assignments",
          "label": "assignments",
          "label_with_op": "more:assignments"
        }
      ],
      [
        {
          "anchor": "Reference",
          "label": "reference",
          "label_with_op": "more:reference"
        }
      ]
    ]
  },
  "searchInformation": {
    "searchTime": 0.201128,
    "formattedSearchTime": "0.20",
    "totalResults": "1250000000",
    "formattedTotalResults": "1,250,000,000"
  },
  "items": [
    {
      "kind": "customsearch#result",
      "title": "Professor Richard Zemel",
      "htmlTitle": "Professor \u003cb\u003eRichard\u003c/b\u003e Zemel",
      "link": "http://www.cs.toronto.edu/~zemel",
      "displayLink": "www.cs.toronto.edu",
      "snippet": "ICLR 2020 (2020). new Incremental few-shot learning with attention attractor \nnetworks. Mengye Ren, Renjie Liao, Ethan Fetaya, Richard Zemel. NeurIPS \n2019 ( ...",
      "htmlSnippet": "ICLR 2020 (2020). new Incremental few-shot learning with attention attractor \u003cbr\u003e\nnetworks. Mengye Ren, Renjie Liao, Ethan Fetaya, \u003cb\u003eRichard\u003c/b\u003e Zemel. NeurIPS \u003cbr\u003e\n2019 (&nbsp;...",
      "cacheId": "p1HcypoSSPQJ",
      "formattedUrl": "www.cs.toronto.edu/~zemel",
      "htmlFormattedUrl": "www.cs.toronto.edu/~zemel",
      "pagemap": {
        "cse_thumbnail": [
          {
            "src": "https://encrypted-tbn1.gstatic.com/images?q=tbn:ANd9GcQx0DVPJ9HAMDN0LzlZ3wb5kfcQLtRysmXRcrBuavJ07cDrKgyMcIloKqAE",
            "width": "200",
            "height": "200"
          }
        ],
        "cse_image": [
          {
            "src": "http://www.cs.toronto.edu/~zemel/images/AI_head_gears_line.png"
          }
        ]
      }
    },
    {
      "kind": "customsearch#result",
      "title": "Richard Hamming ''You and Your Research''",
      "htmlTitle": "\u003cb\u003eRichard\u003c/b\u003e Hamming &#39;&#39;You and Your Research&#39;&#39;",
      "link": "https://www.cs.utexas.edu/~dsb/Inspiration/hamming.pdf",
      "displayLink": "www.cs.utexas.edu",
      "snippet": "Mar 7, 1986 ... At a seminar in the Bell Communications Research Colloquia Series, Dr. Richard \nW. Hamming, a Professor at the Naval Postgraduate School ...",
      "htmlSnippet": "Mar 7, 1986 \u003cb\u003e...\u003c/b\u003e At a seminar in the Bell Communications Research Colloquia Series, Dr. \u003cb\u003eRichard\u003c/b\u003e \u003cbr\u003e\nW. Hamming, a Professor at the Naval Postgraduate School&nbsp;...",
      "cacheId": "aDtX9HCpzQ4J",
      "formattedUrl": "https://www.cs.utexas.edu/~dsb/Inspiration/hamming.pdf",
      "htmlFormattedUrl": "https://www.cs.utexas.edu/~dsb/Inspiration/hamming.pdf",
      "pagemap": {
        "metatags": [
          {
            "producer": "Aladdin Ghostscript 6.0"
          }
        ]
      },
      "mime": "application/pdf",
      "fileFormat": "PDF/Adobe Acrobat"
    },
    {
      "kind": "customsearch#result",
      "title": "Professor Richard Zemel",
      "htmlTitle": "Professor \u003cb\u003eRichard\u003c/b\u003e Zemel",
      "link": "http://www.cs.toronto.edu/~zemel/inquiry/courses_home.php?ID=4&SEM=4",
      "displayLink": "www.cs.toronto.edu",
      "snippet": "Sep 6, 2016 ... Lecture Room: Bahen 1220. Instructor: Richard Zemel csc411prof at cs.toronto.\nedu. Office hours: Thursday 4-5 Pratt 290D, and by appointment.",
      "htmlSnippet": "Sep 6, 2016 \u003cb\u003e...\u003c/b\u003e Lecture Room: Bahen 1220. Instructor: \u003cb\u003eRichard\u003c/b\u003e Zemel csc411prof at cs.toronto.\u003cbr\u003e\nedu. Office hours: Thursday 4-5 Pratt 290D, and by appointment.",
      "cacheId": "6GVtIRowQOMJ",
      "formattedUrl": "www.cs.toronto.edu/~zemel/inquiry/courses_home.php?ID=4&SEM=4",
      "htmlFormattedUrl": "www.cs.toronto.edu/~zemel/inquiry/courses_home.php?ID=4&amp;SEM=4",
      "pagemap": {
        "cse_thumbnail": [
          {
            "src": "https://encrypted-tbn1.gstatic.com/images?q=tbn:ANd9GcQx0DVPJ9HAMDN0LzlZ3wb5kfcQLtRysmXRcrBuavJ07cDrKgyMcIloKqAE",
            "width": "200",
            "height": "200"
          }
        ],
        "cse_image": [
          {
            "src": "http://www.cs.toronto.edu/~zemel/images/AI_head_gears_line.png"
          }
        ]
      }
    },
    {
      "kind": "customsearch#result",
      "title": "Richard Karp",
      "htmlTitle": "\u003cb\u003eRichard\u003c/b\u003e Karp",
      "link": "http://www.cs.toronto.edu/colloq/2000/karp.html",
      "displayLink": "www.cs.toronto.edu",
      "snippet": "Oct 10, 2000 ... University of Toronto · Department of Computer Science · A Distinguished \nLecture on Computer Science · Richard Karp. University of California ...",
      "htmlSnippet": "Oct 10, 2000 \u003cb\u003e...\u003c/b\u003e University of Toronto &middot; Department of Computer Science &middot; A Distinguished \u003cbr\u003e\nLecture on Computer Science &middot; \u003cb\u003eRichard\u003c/b\u003e Karp. University of California&nbsp;...",
      "cacheId": "pRIGvjVKZ48J",
      "formattedUrl": "www.cs.toronto.edu/colloq/2000/karp.html",
      "htmlFormattedUrl": "www.cs.toronto.edu/colloq/2000/karp.html"
    },
    {
      "kind": "customsearch#result",
      "title": "Professor Richard Zemel",
      "htmlTitle": "Professor \u003cb\u003eRichard\u003c/b\u003e Zemel",
      "link": "http://www.cs.toronto.edu/~zemel/inquiry/courses_home.php?ID=3&SEM=1",
      "displayLink": "www.cs.toronto.edu",
      "snippet": "Course Bulletins: new. Lectures: Tuesdays 12:00-2:00 in Galbraith 220. Tutorials: \nWednesdays 3:00-4:00 in room Bahen 2175. Instructor: Richard Zemel; email ...",
      "htmlSnippet": "Course Bulletins: new. Lectures: Tuesdays 12:00-2:00 in Galbraith 220. Tutorials: \u003cbr\u003e\nWednesdays 3:00-4:00 in room Bahen 2175. Instructor: \u003cb\u003eRichard\u003c/b\u003e Zemel; email&nbsp;...",
      "cacheId": "6a77nxyFYnEJ",
      "formattedUrl": "www.cs.toronto.edu/~zemel/inquiry/courses_home.php?ID=3&SEM=1",
      "htmlFormattedUrl": "www.cs.toronto.edu/~zemel/inquiry/courses_home.php?ID=3&amp;SEM=1",
      "pagemap": {
        "cse_thumbnail": [
          {
            "src": "https://encrypted-tbn1.gstatic.com/images?q=tbn:ANd9GcQx0DVPJ9HAMDN0LzlZ3wb5kfcQLtRysmXRcrBuavJ07cDrKgyMcIloKqAE",
            "width": "200",
            "height": "200"
          }
        ],
        "cse_image": [
          {
            "src": "http://www.cs.toronto.edu/~zemel/images/AI_head_gears_line.png"
          }
        ]
      }
    },
    {
      "kind": "customsearch#result",
      "title": "DEPENDENT TYPES IN HASKELL: THEORY AND PRACTICE",
      "htmlTitle": "DEPENDENT TYPES IN HASKELL: THEORY AND PRACTICE",
      "link": "https://www.cis.upenn.edu/~sweirich/papers/eisenberg-thesis.pdf",
      "displayLink": "www.cis.upenn.edu",
      "snippet": "DEPENDENT TYPES IN HASKELL: THEORY AND PRACTICE. Richard A. \nEisenberg. A DISSERTATION in. Computer and Information Sciences. Presented \nto ...",
      "htmlSnippet": "DEPENDENT TYPES IN HASKELL: THEORY AND PRACTICE. \u003cb\u003eRichard\u003c/b\u003e A. \u003cbr\u003e\nEisenberg. A DISSERTATION in. Computer and Information Sciences. Presented \u003cbr\u003e\nto&nbsp;...",
      "formattedUrl": "https://www.cis.upenn.edu/~sweirich/papers/eisenberg-thesis.pdf",
      "htmlFormattedUrl": "https://www.cis.upenn.edu/~sweirich/papers/eisenberg-thesis.pdf",
      "pagemap": {
        "metatags": [
          {
            "moddate": "D:20161122153812-05'00'",
            "creator": "LaTeX with hyperref package",
            "creationdate": "D:20161122153812-05'00'",
            "fullbanner": "This is pdfTeX, Version 3.14159265-2.6-1.40.16 (TeX Live 2015) kpathsea version 6.2.1",
            "author": "Richard A. Eisenberg",
            "producer": "pdfTeX-1.40.16",
            "title": "DEPENDENT TYPES IN HASKELL: THEORY AND PRACTICE"
          }
        ]
      },
      "mime": "application/pdf",
      "fileFormat": "PDF/Adobe Acrobat"
    },
    {
      "kind": "customsearch#result",
      "title": "Finding Richard III History, Archeology, and Science | Faculty of Arts ...",
      "htmlTitle": "Finding \u003cb\u003eRichard\u003c/b\u003e III History, Archeology, and Science | Faculty of Arts ...",
      "link": "https://www.fas.harvard.edu/event/finding-richard-iii-history-archeology-and-science",
      "displayLink": "www.fas.harvard.edu",
      "snippet": "Organization/Sponsor: Harvard University Committee on Medieval Studies; \nHarvard Initiative for the Science of the Human Past Speaker(s): Turi King, \nUniversity ...",
      "htmlSnippet": "Organization/Sponsor: Harvard University Committee on Medieval Studies; \u003cbr\u003e\nHarvard Initiative for the Science of the Human Past Speaker(s): Turi King, \u003cbr\u003e\nUniversity&nbsp;...",
      "cacheId": "49pElwm37qQJ",
      "formattedUrl": "https://www.fas.harvard.edu/.../finding-richard-iii-history-archeology-and- science",
      "htmlFormattedUrl": "https://www.fas.harvard.edu/.../finding-\u003cb\u003erichard\u003c/b\u003e-iii-history-archeology-and- science",
      "pagemap": {
        "cse_thumbnail": [
          {
            "src": "https://encrypted-tbn1.gstatic.com/images?q=tbn:ANd9GcRVdYA7gsTMzL_hQl5F-lASop1BNvlNKTcSPp67FIRf490HRXfa3HTHaw",
            "width": "362",
            "height": "75"
          }
        ],
        "metatags": [
          {
            "og:type": "activity",
            "twitter:card": "summary",
            "twitter:title": "Finding Richard III History, Archeology, and Science",
            "viewport": "width=device-width, initial-scale=1.0",
            "twitter:description": "Organization/Sponsor: Harvard University Committee on Medieval Studies; Harvard Initiative for the Science of the Human Past",
            "og:title": "Finding Richard III History, Archeology, and Science",
            "og:description": "Organization/Sponsor: Harvard University Committee on Medieval Studies; Harvard Initiative for the Science of the Human Past Speaker(s): Turi King, University of Leicester",
            "twitter:image": "https://www.fas.harvard.edu/"
          }
        ],
        "cse_image": [
          {
            "src": "https://static.hwpi.harvard.edu/files/styles/os_files_medium/public/fas/files/logo-75.png?m=1515603565&itok=paerhTTd"
          }
        ]
      }
    },
    {
      "kind": "customsearch#result",
      "title": "Richard's Lectures",
      "htmlTitle": "\u003cb\u003eRichard&#39;s\u003c/b\u003e Lectures",
      "link": "https://www.cs.auckland.ac.nz/compsci715s1c/archive/2003/richardsLectures/",
      "displayLink": "www.cs.auckland.ac.nz",
      "snippet": "Richard's Lectures. Lectures notes and other handouts for Richard's section of \nthe course. Curves and Surfaces Handout (4 up). Visibility Handout (4up) ...",
      "htmlSnippet": "\u003cb\u003eRichard&#39;s\u003c/b\u003e Lectures. Lectures notes and other handouts for \u003cb\u003eRichard&#39;s\u003c/b\u003e section of \u003cbr\u003e\nthe course. Curves and Surfaces Handout (4 up). Visibility Handout (4up)&nbsp;...",
      "cacheId": "gWMGUrL4ofkJ",
      "formattedUrl": "https://www.cs.auckland.ac.nz/compsci715s1c/archive/.../richardsLectures/",
      "htmlFormattedUrl": "https://www.cs.auckland.ac.nz/compsci715s1c/archive/.../\u003cb\u003erichard\u003c/b\u003esLectures/"
    },
    {
      "kind": "customsearch#result",
      "title": "Richard Hartley, Austrilian ... - Department of Computer Science",
      "htmlTitle": "Richard Hartley, Austrilian ... - Department of Computer Science",
      "link": "https://www.cs.jhu.edu/events/richard-hartley-austrilian-national-university-provably-optimal-algorithms-in-computer-vision/",
      "displayLink": "www.cs.jhu.edu",
      "snippet": "Location. Shaffer 300. Abstract. The usual algorithms in Computer Vision \nStructure and Motion are large non convex problems, often involving large \nnumbers of ...",
      "htmlSnippet": "Location. Shaffer 300. Abstract. The usual algorithms in Computer Vision \u003cbr\u003e\nStructure and Motion are large non convex problems, often involving large \u003cbr\u003e\nnumbers of&nbsp;...",
      "cacheId": "6zuOZpw3C6YJ",
      "formattedUrl": "https://www.cs.jhu.edu/.../richard-hartley-austrilian-national-university- provably-optimal-algorithms-in-computer-vision/",
      "htmlFormattedUrl": "https://www.cs.jhu.edu/.../\u003cb\u003erichard\u003c/b\u003e-hartley-austrilian-national-university- provably-optimal-algorithms-in-computer-vision/",
      "pagemap": {
        "cse_thumbnail": [
          {
            "src": "https://encrypted-tbn0.gstatic.com/images?q=tbn:ANd9GcRg2kSBdNVpsEbkgB08-C4Y8eV-LKU3Vbq94cFlCLc4bGo0421VxCZ-aBs",
            "width": "225",
            "height": "225"
          }
        ],
        "metatags": [
          {
            "og:type": "article",
            "twitter:card": "summary",
            "twitter:title": "Richard Hartley, Austrilian National University - \"Provably Optimal Algorithms in Computer Vision\" (2010-12-07)",
            "og:site_name": "Department of Computer Science",
            "article:modified_time": "2018-07-18T16:26:11+00:00",
            "viewport": "width=device-width, initial-scale=1.0",
            "twitter:description": "LocationShaffer 300AbstractThe usual algorithms in Computer Vision Structure and Motion are large non convex problems, often involving large numbers of variables (in excess of a million). Through a variety of simple techniques, it is possible to find initial solutions that will serve for initializat",
            "og:title": "Richard Hartley, Austrilian National University - \"Provably Optimal Algorithms in Computer Vision\" - Department of Computer Science",
            "og:locale": "en_US",
            "og:url": "https://www.cs.jhu.edu/events/richard-hartley-austrilian-national-university-provably-optimal-algorithms-in-computer-vision/",
            "og:description": "When:  December 7, 2010 @ 10:45 am – 11:45 am   LocationShaffer 300AbstractThe usual algorithms in Computer Vision Structure and Motion are large non convex problems, often involving large numbers of variables (in excess of a million). Through a variety of simple techniques, it is possible[...]"
          }
        ],
        "cse_image": [
          {
            "src": "https://s.w.org/images/core/emoji/13.0.0/svg/1f44f.svg"
          }
        ]
      }
    },
    {
      "kind": "customsearch#result",
      "title": "Richard Krueger's Contact Policy",
      "htmlTitle": "\u003cb\u003eRichard\u003c/b\u003e Krueger&#39;s Contact Policy",
      "link": "http://www.cs.toronto.edu/~krueger/teachingcontact.html",
      "displayLink": "www.cs.toronto.edu",
      "snippet": "Jan 25, 2006 ... Contact Policies -- Winter 2005. Office hours and appointments. Office hours for \nthe current term are scheduled as: Mondays, 11:30am ...",
      "htmlSnippet": "Jan 25, 2006 \u003cb\u003e...\u003c/b\u003e Contact Policies -- Winter 2005. Office hours and appointments. Office hours for \u003cbr\u003e\nthe current term are scheduled as: Mondays, 11:30am&nbsp;...",
      "cacheId": "zTlKczNZhKIJ",
      "formattedUrl": "www.cs.toronto.edu/~krueger/teachingcontact.html",
      "htmlFormattedUrl": "www.cs.toronto.edu/~krueger/teachingcontact.html"
    }
  ]
}


00:35:04.356 [print] {
  "kind": "customsearch#search",
  "context": {
    "title": "CS Curriculum",
    "facets": [
      [
        {
          "anchor": "Lectures",
          "label": "lectures",
          "label_with_op": "more:lectures"
        }
      ],
      [
        {
          "anchor": "Assignments",
          "label": "assignments",
          "label_with_op": "more:assignments"
        }
      ],
      [
        {
          "anchor": "Reference",
          "label": "reference",
          "label_with_op": "more:reference"
        }
      ]
    ]
  },
  "queries": {
    "request": [
      {
        "inputEncoding": "utf8",
        "totalResults": "1250000000",
        "startIndex": 1,
        "outputEncoding": "utf8",
        "searchTerms": "Richard",
        "cx": "017576662512468239146:omuauf_lfve",
        "count": 10,
        "safe": "off",
        "title": "Google Custom Search - Richard"
      }
    ],
    "nextPage": [
      {
        "inputEncoding": "utf8",
        "totalResults": "1250000000",
        "startIndex": 11,
        "outputEncoding": "utf8",
        "searchTerms": "Richard",
        "cx": "017576662512468239146:omuauf_lfve",
        "count": 10,
        "safe": "off",
        "title": "Google Custom Search - Richard"
      }
    ]
  },
  "searchInformation": {
    "searchTime": 0.201128,
    "totalResults": "1250000000",
    "formattedTotalResults": "1,250,000,000",
    "formattedSearchTime": "0.20"
  },
  "items": [
    {
      "snippet": "ICLR 2020 (2020). new Incremental few-shot learning with attention attractor \nnetworks. Mengye Ren, Renjie Liao, Ethan Fetaya, Richard Zemel. NeurIPS \n2019 ( ...",
      "htmlFormattedUrl": "www.cs.toronto.edu/~zemel",
      "htmlTitle": "Professor <b>Richard</b> Zemel",
      "kind": "customsearch#result",
      "pagemap": {
        "cse_thumbnail": [
          {
            "src": "https://encrypted-tbn1.gstatic.com/images?q=tbn:ANd9GcQx0DVPJ9HAMDN0LzlZ3wb5kfcQLtRysmXRcrBuavJ07cDrKgyMcIloKqAE",
            "width": "200",
            "height": "200"
          }
        ],
        "cse_image": [
          {
            "src": "http://www.cs.toronto.edu/~zemel/images/AI_head_gears_line.png"
          }
        ]
      },
      "displayLink": "www.cs.toronto.edu",
      "link": "http://www.cs.toronto.edu/~zemel",
      "htmlSnippet": "ICLR 2020 (2020). new Incremental few-shot learning with attention attractor <br>\nnetworks. Mengye Ren, Renjie Liao, Ethan Fetaya, <b>Richard</b> Zemel. NeurIPS <br>\n2019 (&nbsp;...",
      "title": "Professor Richard Zemel",
      "formattedUrl": "www.cs.toronto.edu/~zemel",
      "cacheId": "p1HcypoSSPQJ"
    },
    {
      "snippet": "Mar 7, 1986 ... At a seminar in the Bell Communications Research Colloquia Series, Dr. Richard \nW. Hamming, a Professor at the Naval Postgraduate School ...",
      "kind": "customsearch#result",
      "mime": "application/pdf",
      "link": "https://www.cs.utexas.edu/~dsb/Inspiration/hamming.pdf",
      "title": "Richard Hamming ''You and Your Research''",
      "formattedUrl": "https://www.cs.utexas.edu/~dsb/Inspiration/hamming.pdf",
      "cacheId": "aDtX9HCpzQ4J",
      "htmlFormattedUrl": "https://www.cs.utexas.edu/~dsb/Inspiration/hamming.pdf",
      "htmlTitle": "<b>Richard</b> Hamming &#39;&#39;You and Your Research&#39;&#39;",
      "pagemap": {
        "metatags": [
          {
            "producer": "Aladdin Ghostscript 6.0"
          }
        ]
      },
      "displayLink": "www.cs.utexas.edu",
      "htmlSnippet": "Mar 7, 1986 <b>...</b> At a seminar in the Bell Communications Research Colloquia Series, Dr. <b>Richard</b> <br>\nW. Hamming, a Professor at the Naval Postgraduate School&nbsp;...",
      "fileFormat": "PDF/Adobe Acrobat"
    },
    {
      "snippet": "Sep 6, 2016 ... Lecture Room: Bahen 1220. Instructor: Richard Zemel csc411prof at cs.toronto.\nedu. Office hours: Thursday 4-5 Pratt 290D, and by appointment.",
      "htmlFormattedUrl": "www.cs.toronto.edu/~zemel/inquiry/courses_home.php?ID=4&amp;SEM=4",
      "htmlTitle": "Professor <b>Richard</b> Zemel",
      "kind": "customsearch#result",
      "pagemap": {
        "cse_thumbnail": [
          {
            "src": "https://encrypted-tbn1.gstatic.com/images?q=tbn:ANd9GcQx0DVPJ9HAMDN0LzlZ3wb5kfcQLtRysmXRcrBuavJ07cDrKgyMcIloKqAE",
            "width": "200",
            "height": "200"
          }
        ],
        "cse_image": [
          {
            "src": "http://www.cs.toronto.edu/~zemel/images/AI_head_gears_line.png"
          }
        ]
      },
      "displayLink": "www.cs.toronto.edu",
      "link": "http://www.cs.toronto.edu/~zemel/inquiry/courses_home.php?ID=4&SEM=4",
      "htmlSnippet": "Sep 6, 2016 <b>...</b> Lecture Room: Bahen 1220. Instructor: <b>Richard</b> Zemel csc411prof at cs.toronto.<br>\nedu. Office hours: Thursday 4-5 Pratt 290D, and by appointment.",
      "title": "Professor Richard Zemel",
      "formattedUrl": "www.cs.toronto.edu/~zemel/inquiry/courses_home.php?ID=4&SEM=4",
      "cacheId": "6GVtIRowQOMJ"
    },
    {
      "snippet": "Oct 10, 2000 ... University of Toronto · Department of Computer Science · A Distinguished \nLecture on Computer Science · Richard Karp. University of California ...",
      "htmlFormattedUrl": "www.cs.toronto.edu/colloq/2000/karp.html",
      "htmlTitle": "<b>Richard</b> Karp",
      "kind": "customsearch#result",
      "displayLink": "www.cs.toronto.edu",
      "link": "http://www.cs.toronto.edu/colloq/2000/karp.html",
      "htmlSnippet": "Oct 10, 2000 <b>...</b> University of Toronto &middot; Department of Computer Science &middot; A Distinguished <br>\nLecture on Computer Science &middot; <b>Richard</b> Karp. University of California&nbsp;...",
      "title": "Richard Karp",
      "formattedUrl": "www.cs.toronto.edu/colloq/2000/karp.html",
      "cacheId": "pRIGvjVKZ48J"
    },
    {
      "snippet": "Course Bulletins: new. Lectures: Tuesdays 12:00-2:00 in Galbraith 220. Tutorials: \nWednesdays 3:00-4:00 in room Bahen 2175. Instructor: Richard Zemel; email ...",
      "htmlFormattedUrl": "www.cs.toronto.edu/~zemel/inquiry/courses_home.php?ID=3&amp;SEM=1",
      "htmlTitle": "Professor <b>Richard</b> Zemel",
      "kind": "customsearch#result",
      "pagemap": {
        "cse_thumbnail": [
          {
            "src": "https://encrypted-tbn1.gstatic.com/images?q=tbn:ANd9GcQx0DVPJ9HAMDN0LzlZ3wb5kfcQLtRysmXRcrBuavJ07cDrKgyMcIloKqAE",
            "width": "200",
            "height": "200"
          }
        ],
        "cse_image": [
          {
            "src": "http://www.cs.toronto.edu/~zemel/images/AI_head_gears_line.png"
          }
        ]
      },
      "displayLink": "www.cs.toronto.edu",
      "link": "http://www.cs.toronto.edu/~zemel/inquiry/courses_home.php?ID=3&SEM=1",
      "htmlSnippet": "Course Bulletins: new. Lectures: Tuesdays 12:00-2:00 in Galbraith 220. Tutorials: <br>\nWednesdays 3:00-4:00 in room Bahen 2175. Instructor: <b>Richard</b> Zemel; email&nbsp;...",
      "title": "Professor Richard Zemel",
      "formattedUrl": "www.cs.toronto.edu/~zemel/inquiry/courses_home.php?ID=3&SEM=1",
      "cacheId": "6a77nxyFYnEJ"
    },
    {
      "snippet": "DEPENDENT TYPES IN HASKELL: THEORY AND PRACTICE. Richard A. \nEisenberg. A DISSERTATION in. Computer and Information Sciences. Presented \nto ...",
      "htmlFormattedUrl": "https://www.cis.upenn.edu/~sweirich/papers/eisenberg-thesis.pdf",
      "htmlTitle": "DEPENDENT TYPES IN HASKELL: THEORY AND PRACTICE",
      "kind": "customsearch#result",
      "pagemap": {
        "metatags": [
          {
            "moddate": "D:20161122153812-05'00'",
            "creator": "LaTeX with hyperref package",
            "creationdate": "D:20161122153812-05'00'",
            "fullbanner": "This is pdfTeX, Version 3.14159265-2.6-1.40.16 (TeX Live 2015) kpathsea version 6.2.1",
            "author": "Richard A. Eisenberg",
            "producer": "pdfTeX-1.40.16",
            "title": "DEPENDENT TYPES IN HASKELL: THEORY AND PRACTICE"
          }
        ]
      },
      "displayLink": "www.cis.upenn.edu",
      "mime": "application/pdf",
      "link": "https://www.cis.upenn.edu/~sweirich/papers/eisenberg-thesis.pdf",
      "htmlSnippet": "DEPENDENT TYPES IN HASKELL: THEORY AND PRACTICE. <b>Richard</b> A. <br>\nEisenberg. A DISSERTATION in. Computer and Information Sciences. Presented <br>\nto&nbsp;...",
      "title": "DEPENDENT TYPES IN HASKELL: THEORY AND PRACTICE",
      "formattedUrl": "https://www.cis.upenn.edu/~sweirich/papers/eisenberg-thesis.pdf",
      "fileFormat": "PDF/Adobe Acrobat"
    },
    {
      "snippet": "Organization/Sponsor: Harvard University Committee on Medieval Studies; \nHarvard Initiative for the Science of the Human Past Speaker(s): Turi King, \nUniversity ...",
      "htmlFormattedUrl": "https://www.fas.harvard.edu/.../finding-<b>richard</b>-iii-history-archeology-and- science",
      "htmlTitle": "Finding <b>Richard</b> III History, Archeology, and Science | Faculty of Arts ...",
      "kind": "customsearch#result",
      "pagemap": {
        "cse_thumbnail": [
          {
            "src": "https://encrypted-tbn1.gstatic.com/images?q=tbn:ANd9GcRVdYA7gsTMzL_hQl5F-lASop1BNvlNKTcSPp67FIRf490HRXfa3HTHaw",
            "width": "362",
            "height": "75"
          }
        ],
        "metatags": [
          {
            "og:type": "activity",
            "twitter:card": "summary",
            "twitter:title": "Finding Richard III History, Archeology, and Science",
            "viewport": "width=device-width, initial-scale=1.0",
            "twitter:description": "Organization/Sponsor: Harvard University Committee on Medieval Studies; Harvard Initiative for the Science of the Human Past",
            "og:title": "Finding Richard III History, Archeology, and Science",
            "og:description": "Organization/Sponsor: Harvard University Committee on Medieval Studies; Harvard Initiative for the Science of the Human Past Speaker(s): Turi King, University of Leicester",
            "twitter:image": "https://www.fas.harvard.edu/"
          }
        ],
        "cse_image": [
          {
            "src": "https://static.hwpi.harvard.edu/files/styles/os_files_medium/public/fas/files/logo-75.png?m=1515603565&itok=paerhTTd"
          }
        ]
      },
      "displayLink": "www.fas.harvard.edu",
      "link": "https://www.fas.harvard.edu/event/finding-richard-iii-history-archeology-and-science",
      "htmlSnippet": "Organization/Sponsor: Harvard University Committee on Medieval Studies; <br>\nHarvard Initiative for the Science of the Human Past Speaker(s): Turi King, <br>\nUniversity&nbsp;...",
      "title": "Finding Richard III History, Archeology, and Science | Faculty of Arts ...",
      "formattedUrl": "https://www.fas.harvard.edu/.../finding-richard-iii-history-archeology-and- science",
      "cacheId": "49pElwm37qQJ"
    },
    {
      "snippet": "Richard's Lectures. Lectures notes and other handouts for Richard's section of \nthe course. Curves and Surfaces Handout (4 up). Visibility Handout (4up) ...",
      "htmlFormattedUrl": "https://www.cs.auckland.ac.nz/compsci715s1c/archive/.../<b>richard</b>sLectures/",
      "htmlTitle": "<b>Richard&#39;s</b> Lectures",
      "kind": "customsearch#result",
      "displayLink": "www.cs.auckland.ac.nz",
      "link": "https://www.cs.auckland.ac.nz/compsci715s1c/archive/2003/richardsLectures/",
      "htmlSnippet": "<b>Richard&#39;s</b> Lectures. Lectures notes and other handouts for <b>Richard&#39;s</b> section of <br>\nthe course. Curves and Surfaces Handout (4 up). Visibility Handout (4up)&nbsp;...",
      "title": "Richard's Lectures",
      "formattedUrl": "https://www.cs.auckland.ac.nz/compsci715s1c/archive/.../richardsLectures/",
      "cacheId": "gWMGUrL4ofkJ"
    },
    {
      "snippet": "Location. Shaffer 300. Abstract. The usual algorithms in Computer Vision \nStructure and Motion are large non convex problems, often involving large \nnumbers of ...",
      "htmlFormattedUrl": "https://www.cs.jhu.edu/.../<b>richard</b>-hartley-austrilian-national-university- provably-optimal-algorithms-in-computer-vision/",
      "htmlTitle": "Richard Hartley, Austrilian ... - Department of Computer Science",
      "kind": "customsearch#result",
      "pagemap": {
        "cse_thumbnail": [
          {
            "src": "https://encrypted-tbn0.gstatic.com/images?q=tbn:ANd9GcRg2kSBdNVpsEbkgB08-C4Y8eV-LKU3Vbq94cFlCLc4bGo0421VxCZ-aBs",
            "width": "225",
            "height": "225"
          }
        ],
        "metatags": [
          {
            "og:type": "article",
            "twitter:card": "summary",
            "twitter:title": "Richard Hartley, Austrilian National University - \"Provably Optimal Algorithms in Computer Vision\" (2010-12-07)",
            "og:site_name": "Department of Computer Science",
            "article:modified_time": "2018-07-18T16:26:11+00:00",
            "viewport": "width=device-width, initial-scale=1.0",
            "twitter:description": "LocationShaffer 300AbstractThe usual algorithms in Computer Vision Structure and Motion are large non convex problems, often involving large numbers of variables (in excess of a million). Through a variety of simple techniques, it is possible to find initial solutions that will serve for initializat",
            "og:title": "Richard Hartley, Austrilian National University - \"Provably Optimal Algorithms in Computer Vision\" - Department of Computer Science",
            "og:locale": "en_US",
            "og:url": "https://www.cs.jhu.edu/events/richard-hartley-austrilian-national-university-provably-optimal-algorithms-in-computer-vision/",
            "og:description": "When:  December 7, 2010 @ 10:45 am \u2013 11:45 am   LocationShaffer 300AbstractThe usual algorithms in Computer Vision Structure and Motion are large non convex problems, often involving large numbers of variables (in excess of a million). Through a variety of simple techniques, it is possible[...]"
          }
        ],
        "cse_image": [
          {
            "src": "https://s.w.org/images/core/emoji/13.0.0/svg/1f44f.svg"
          }
        ]
      },
      "displayLink": "www.cs.jhu.edu",
      "link": "https://www.cs.jhu.edu/events/richard-hartley-austrilian-national-university-provably-optimal-algorithms-in-computer-vision/",
      "htmlSnippet": "Location. Shaffer 300. Abstract. The usual algorithms in Computer Vision <br>\nStructure and Motion are large non convex problems, often involving large <br>\nnumbers of&nbsp;...",
      "title": "Richard Hartley, Austrilian ... - Department of Computer Science",
      "formattedUrl": "https://www.cs.jhu.edu/.../richard-hartley-austrilian-national-university- provably-optimal-algorithms-in-computer-vision/",
      "cacheId": "6zuOZpw3C6YJ"
    },
    {
      "snippet": "Jan 25, 2006 ... Contact Policies -- Winter 2005. Office hours and appointments. Office hours for \nthe current term are scheduled as: Mondays, 11:30am ...",
      "htmlFormattedUrl": "www.cs.toronto.edu/~krueger/teachingcontact.html",
      "htmlTitle": "<b>Richard</b> Krueger&#39;s Contact Policy",
      "kind": "customsearch#result",
      "displayLink": "www.cs.toronto.edu",
      "link": "http://www.cs.toronto.edu/~krueger/teachingcontact.html",
      "htmlSnippet": "Jan 25, 2006 <b>...</b> Contact Policies -- Winter 2005. Office hours and appointments. Office hours for <br>\nthe current term are scheduled as: Mondays, 11:30am&nbsp;...",
      "title": "Richard Krueger's Contact Policy",
      "formattedUrl": "www.cs.toronto.edu/~krueger/teachingcontact.html",
      "cacheId": "zTlKczNZhKIJ"
    }
  ],
  "url": {
    "template": "https://www.googleapis.com/customsearch/v1?q={searchTerms}&num={count?}&start={startIndex?}&lr={language?}&safe={safe?}&cx={cx?}&sort={sort?}&filter={filter?}&gl={gl?}&cr={cr?}&googlehost={googleHost?}&c2coff={disableCnTwTranslation?}&hq={hq?}&hl={hl?}&siteSearch={siteSearch?}&siteSearchFilter={siteSearchFilter?}&exactTerms={exactTerms?}&excludeTerms={excludeTerms?}&linkSite={linkSite?}&orTerms={orTerms?}&relatedSite={relatedSite?}&dateRestrict={dateRestrict?}&lowRange={lowRange?}&highRange={highRange?}&searchType={searchType}&fileType={fileType?}&rights={rights?}&imgSize={imgSize?}&imgType={imgType?}&imgColorType={imgColorType?}&imgDominantColor={imgDominantColor?}&alt=json",
    "type": "application/json"
  }
}

