00:35:01.979 karate.env system property was:  
00:35:02.760 request:
1 > GET https://www.googleapis.com/customsearch/v1?cx=017576662512468239146%3Aomuauf_lfve&q=Tyrah&key=AIzaSyBxHGAZurWtGV85-FjS_ClnHwKTZC_zKpo
1 > Accept-Encoding: gzip,deflate
1 > Connection: Keep-Alive
1 > Host: www.googleapis.com
1 > User-Agent: Apache-HttpClient/4.5.12 (Java/1.8.0_275)

00:35:04.306 response time in milliseconds: 1535.79
1 < 200
1 < Alt-Svc: h3-29=":443"; ma=2592000,h3-T051=":443"; ma=2592000,h3-Q050=":443"; ma=2592000,h3-Q046=":443"; ma=2592000,h3-Q043=":443"; ma=2592000,quic=":443"; ma=2592000; v="46,43"
1 < Cache-Control: private
1 < Content-Type: application/json; charset=UTF-8
1 < Date: Fri, 11 Dec 2020 13:35:03 GMT
1 < Server: ESF
1 < Transfer-Encoding: chunked
1 < Vary: [Origin, X-Origin, Referer]
1 < X-Content-Type-Options: nosniff
1 < X-Frame-Options: SAMEORIGIN
1 < X-XSS-Protection: 0
{
  "kind": "customsearch#search",
  "url": {
    "type": "application/json",
    "template": "https://www.googleapis.com/customsearch/v1?q={searchTerms}&num={count?}&start={startIndex?}&lr={language?}&safe={safe?}&cx={cx?}&sort={sort?}&filter={filter?}&gl={gl?}&cr={cr?}&googlehost={googleHost?}&c2coff={disableCnTwTranslation?}&hq={hq?}&hl={hl?}&siteSearch={siteSearch?}&siteSearchFilter={siteSearchFilter?}&exactTerms={exactTerms?}&excludeTerms={excludeTerms?}&linkSite={linkSite?}&orTerms={orTerms?}&relatedSite={relatedSite?}&dateRestrict={dateRestrict?}&lowRange={lowRange?}&highRange={highRange?}&searchType={searchType}&fileType={fileType?}&rights={rights?}&imgSize={imgSize?}&imgType={imgType?}&imgColorType={imgColorType?}&imgDominantColor={imgDominantColor?}&alt=json"
  },
  "queries": {
    "request": [
      {
        "title": "Google Custom Search - Tyrah",
        "searchTerms": "Tyrah",
        "count": 10,
        "startIndex": 1,
        "inputEncoding": "utf8",
        "outputEncoding": "utf8",
        "safe": "off",
        "cx": "017576662512468239146:omuauf_lfve"
      }
    ]
  },
  "searchInformation": {
    "searchTime": 0.205543,
    "formattedSearchTime": "0.21",
    "totalResults": "0",
    "formattedTotalResults": "0"
  }
}


00:35:04.317 [print] {
  "kind": "customsearch#search",
  "queries": {
    "request": [
      {
        "inputEncoding": "utf8",
        "startIndex": 1,
        "outputEncoding": "utf8",
        "searchTerms": "Tyrah",
        "cx": "017576662512468239146:omuauf_lfve",
        "count": 10,
        "safe": "off",
        "title": "Google Custom Search - Tyrah"
      }
    ]
  },
  "searchInformation": {
    "searchTime": 0.205543,
    "totalResults": "0",
    "formattedTotalResults": "0",
    "formattedSearchTime": "0.21"
  },
  "url": {
    "template": "https://www.googleapis.com/customsearch/v1?q={searchTerms}&num={count?}&start={startIndex?}&lr={language?}&safe={safe?}&cx={cx?}&sort={sort?}&filter={filter?}&gl={gl?}&cr={cr?}&googlehost={googleHost?}&c2coff={disableCnTwTranslation?}&hq={hq?}&hl={hl?}&siteSearch={siteSearch?}&siteSearchFilter={siteSearchFilter?}&exactTerms={exactTerms?}&excludeTerms={excludeTerms?}&linkSite={linkSite?}&orTerms={orTerms?}&relatedSite={relatedSite?}&dateRestrict={dateRestrict?}&lowRange={lowRange?}&highRange={highRange?}&searchType={searchType}&fileType={fileType?}&rights={rights?}&imgSize={imgSize?}&imgType={imgType?}&imgColorType={imgColorType?}&imgDominantColor={imgDominantColor?}&alt=json",
    "type": "application/json"
  }
}

